<?xml version="1.0" encoding="UTF-8"?>
<!-- Generated by org.testng.reporters.JUnitXMLReporter -->
<testsuite ignored="0" hostname="Supto" failures="1" tests="5" name="Functional Test" time="0.063" errors="0" timestamp="2022-02-19T21:18:02 BDT">
  <testcase classname="ui.GroupDemoTest" name="bTest1" time="0.007"/>
  <testcase classname="ui.GroupDemoTest" name="bTest2" time="0.003">
    <failure type="java.lang.AssertionError" message="expected [true] but found [false]">
      <![CDATA[java.lang.AssertionError: expected [true] but found [false]
at ui.GroupDemoTest.bTest2(GroupDemoTest.java:43)
at java.base/java.util.ArrayList.forEach(ArrayList.java:1511)
... Removed 31 stack frames]]>
    </failure>
  </testcase> <!-- bTest2 -->
  <testcase classname="ui.GroupDemoTest" name="csignupTest" time="0.002"/>
  <testcase classname="ui.GroupDemoTest" name="bloginTest" time="0.001"/>
  <testcase classname="ui.GroupDemoTest" name="alogoutTest" time="0.001"/>
</testsuite> <!-- Functional Test -->
